<?xml version="1.0" encoding="UTF-8"?>
<testng-results ignored="0" total="1" passed="1" failed="0" skipped="0">
  <reporter-output>
  </reporter-output>
  <suite started-at="2021-11-18T19:24:31 CST" name="Default suite" finished-at="2021-11-18T19:24:31 CST" duration-ms="69">
    <groups>
    </groups>
    <test started-at="2021-11-18T19:24:31 CST" name="Default test" finished-at="2021-11-18T19:24:31 CST" duration-ms="69">
      <class name="com.seldemod.selenium.SelDemod">
        <test-method signature="printScreen()[pri:0, instance:com.seldemod.selenium.SelDemod@26275bef]" started-at="2021-11-18T19:24:31 CST" name="printScreen" finished-at="2021-11-18T19:24:31 CST" duration-ms="11" status="PASS">
          <reporter-output>
          </reporter-output>
        </test-method> <!-- printScreen -->
      </class> <!-- com.seldemod.selenium.SelDemod -->
    </test> <!-- Default test -->
  </suite> <!-- Default suite -->
</testng-results>
